
> ai-textbook-backend@1.0.0 dev
> tsx watch src/index.ts

prisma:info Starting a postgresql pool with 21 connections.
[32minfo[39m: Database connected successfully {"timestamp":"2025-06-30T05:53:24.906Z"}
[32minfo[39m: Cron jobs initialized {"timestamp":"2025-06-30T05:53:24.911Z"}
[32minfo[39m: Server running on port 4000 {"timestamp":"2025-06-30T05:53:24.915Z"}
[32minfo[39m: Redis connected successfully {"timestamp":"2025-06-30T05:53:24.916Z"}
{"level":"\u001b[32minfo\u001b[39m","message":"GET /api/health 404 2ms","meta":{"req":{"headers":{"accept":"*/*","host":"localhost:4000","user-agent":"curl/8.7.1"},"httpVersion":"1.1","method":"GET","originalUrl":"/api/health","query":{},"url":"/api/health"},"res":{"statusCode":404},"responseTime":2}}
{"level":"\u001b[32minfo\u001b[39m","message":"GET /api/guest/test 200 0ms","meta":{"req":{"headers":{"accept":"*/*","host":"localhost:4000","user-a오후 3:15:39 [tsx] change in ./src/controllers/guest.controller.ts Rerunning...
cprisma:info Starting a postgresql pool with 21 connections.
[32minfo[39m: Database connected successfully {"timestamp":"2025-06-30T06:15:42.509Z"}
[32minfo[39m: Cron jobs initialized {"timestamp":"2025-06-30T06:15:42.512Z"}
node:events:485
      throw er; // Unhandled 'error' event
      ^

Error: listen EADDRINUSE: address already in use :::4000
    at Server.setupListenHandle [as _listen2] (node:net:1939:16)
    at listenInCluster (node:net:1996:12)
    at Server.listen (node:net:2101:7)
    at startServer (/Users/jihunkong/DigitalBook/backend/src/index.ts:75:16)
Emitted 'error' event on Server instance at:
    at emitErrorNT (node:net:1975:8)
    at process.processTicksAndRejections (node:internal/process/task_queues:90:21) {
  code: 'EADDRINUSE',
  errno: -48,
  syscall: 'listen',
  address: '::',
  port: 4000
}

Node.js v23.11.0
오후 4:27:44 [tsx] change in ./src/routes/index.ts Rerunning...
cprisma:info Starting a postgresql pool with 21 connections.
[31merror[39m: Database connection failed: Can't reach database server at `localhost:5434`

Please make sure your database server is running at `localhost:5434`. {"clientVersion":"5.22.0","errorCode":"P1001","name":"PrismaClientInitializationError","stack":"PrismaClientInitializationError: Can't reach database server at `localhost:5434`\n\nPlease make sure your database server is running at `localhost:5434`.\n    at t (/Users/jihunkong/DigitalBook/backend/node_modules/@prisma/client/runtime/library.js:112:2488)\n    at async initializeDatabase (/Users/jihunkong/DigitalBook/backend/src/config/database.ts:14:5)\n    at async startServer (/Users/jihunkong/DigitalBook/backend/src/index.ts:71:5)","timestamp":"2025-07-01T07:27:47.729Z"}
[33mwarn[39m: Continuing without database connection for development... {"timestamp":"2025-07-01T07:27:47.730Z"}
[32minfo[39m: Cron jobs initialized {"timestamp":"2025-07-01T07:27:47.733Z"}
node:events:485
      throw er; // Unhandled 'error' event
      ^

Error: listen EADDRINUSE: address already in use :::4000
    at Server.setupListenHandle [as _listen2] (node:net:1939:16)
    at listenInCluster (node:net:1996:12)
    at Server.listen (node:net:2101:7)
    at startServer (/Users/jihunkong/DigitalBook/backend/src/index.ts:75:16)
Emitted 'error' event on Server instance at:
    at emitErrorNT (node:net:1975:8)
    at process.processTicksAndRejections (node:internal/process/task_queues:90:21) {
  code: 'EADDRINUSE',
  errno: -48,
  syscall: 'listen',
  address: '::',
  port: 4000
}

Node.js v23.11.0
오후 4:33:29 [tsx] change in ./src/controllers/assignment.controller.ts Rerunning...
cprisma:info Starting a postgresql pool with 21 connections.
[31merror[39m: Database connection failed: Can't reach database server at `localhost:5434`

Please make sure your database server is running at `localhost:5434`. {"clientVersion":"5.22.0","errorCode":"P1001","name":"PrismaClientInitializationError","stack":"PrismaClientInitializationError: Can't reach database server at `localhost:5434`\n\nPlease make sure your database server is running at `localhost:5434`.\n    at t (/Users/jihunkong/DigitalBook/backend/node_modules/@prisma/client/runtime/library.js:112:2488)\n    at async initializeDatabase (/Users/jihunkong/DigitalBook/backend/src/config/database.ts:14:5)\n    at async startServer (/Users/jihunkong/DigitalBook/backend/src/index.ts:71:5)","timestamp":"2025-07-01T07:33:32.222Z"}
[33mwarn[39m: Continuing without database connection for development... {"timestamp":"2025-07-01T07:33:32.223Z"}
[32minfo[39m: Cron jobs initialized {"timestamp":"2025-07-01T07:33:32.226Z"}
node:events:485
      throw er; // Unhandled 'error' event
      ^

Error: listen EADDRINUSE: address already in use :::4000
    at Server.setupListenHandle [as _listen2] (node:net:1939:16)
    at listenInCluster (node:net:1996:12)
    at Server.listen (node:net:2101:7)
    at startServer (/Users/jihunkong/DigitalBook/backend/src/index.ts:75:16)
Emitted 'error' event on Server instance at:
    at emitErrorNT (node:net:1975:8)
    at process.processTicksAndRejections (node:internal/process/task_queues:90:21) {
  code: 'EADDRINUSE',
  errno: -48,
  syscall: 'listen',
  address: '::',
  port: 4000
}

Node.js v23.11.0
오후 4:40:39 [tsx] change in ./src/routes/index.ts Rerunning...
c/Users/jihunkong/DigitalBook/backend/src/routes/multimedia.routes.ts:94
  validate(uploadSchema),
  ^


TypeError: (0 , import_validator.validate) is not a function
    at multer (/Users/jihunkong/DigitalBook/backend/src/routes/multimedia.routes.ts:94:3)
    at Object.<anonymous> (/Users/jihunkong/DigitalBook/backend/src/routes/multimedia.routes.ts:131:16)
    at Module._compile (node:internal/modules/cjs/loader:1734:14)
    at Object.transformer (/Users/jihunkong/DigitalBook/backend/node_modules/tsx/dist/register-D46fvsV_.cjs:3:1104)
    at Module.load (node:internal/modules/cjs/loader:1469:32)
    at Function._load (node:internal/modules/cjs/loader:1286:12)
    at TracingChannel.traceSync (node:diagnostics_channel:322:14)
    at wrapModuleLoad (node:internal/modules/cjs/loader:235:24)
    at Module.require (node:internal/modules/cjs/loader:1491:12)
    at require (node:internal/modules/helpers:135:16)
    at multimediaRoutes (/Users/jihunkong/DigitalBook/backend/src/routes/index.ts:12:30)
    at Object.<anonymous> (/Users/jihunkong/DigitalBook/backend/src/routes/index.ts:28:16)
    at Module._compile (node:internal/modules/cjs/loader:1734:14)
    at Object.transformer (/Users/jihunkong/DigitalBook/backend/node_modules/tsx/dist/register-D46fvsV_.cjs:3:1104)
    at Module.load (node:internal/modules/cjs/loader:1469:32)
    at Function._load (node:internal/modules/cjs/loader:1286:12)

Node.js v23.11.0
오후 4:40:54 [tsx] change in ./src/index.ts Rerunning...
c/Users/jihunkong/DigitalBook/backend/src/routes/multimedia.routes.ts:94
  validate(uploadSchema),
  ^


TypeError: (0 , import_validator.validate) is not a function
    at multer (/Users/jihunkong/DigitalBook/backend/src/routes/multimedia.routes.ts:94:3)
    at Object.<anonymous> (/Users/jihunkong/DigitalBook/backend/src/routes/multimedia.routes.ts:131:16)
    at Module._compile (node:internal/modules/cjs/loader:1734:14)
    at Object.transformer (/Users/jihunkong/DigitalBook/backend/node_modules/tsx/dist/register-D46fvsV_.cjs:3:1104)
    at Module.load (node:internal/modules/cjs/loader:1469:32)
    at Function._load (node:internal/modules/cjs/loader:1286:12)
    at TracingChannel.traceSync (node:diagnostics_channel:322:14)
    at wrapModuleLoad (node:internal/modules/cjs/loader:235:24)
    at Module.require (node:internal/modules/cjs/loader:1491:12)
    at require (node:internal/modules/helpers:135:16)
    at multimediaRoutes (/Users/jihunkong/DigitalBook/backend/src/routes/index.ts:12:30)
    at Object.<anonymous> (/Users/jihunkong/DigitalBook/backend/src/routes/index.ts:28:16)
    at Module._compile (node:internal/modules/cjs/loader:1734:14)
    at Object.transformer (/Users/jihunkong/DigitalBook/backend/node_modules/tsx/dist/register-D46fvsV_.cjs:3:1104)
    at Module.load (node:internal/modules/cjs/loader:1469:32)
    at Function._load (node:internal/modules/cjs/loader:1286:12)

Node.js v23.11.0
오후 4:41:02 [tsx] change in ./src/index.ts Rerunning...
c/Users/jihunkong/DigitalBook/backend/src/routes/multimedia.routes.ts:94
  validate(uploadSchema),
  ^


TypeError: (0 , import_validator.validate) is not a function
    at multer (/Users/jihunkong/DigitalBook/backend/src/routes/multimedia.routes.ts:94:3)
    at Object.<anonymous> (/Users/jihunkong/DigitalBook/backend/src/routes/multimedia.routes.ts:131:16)
    at Module._compile (node:internal/modules/cjs/loader:1734:14)
    at Object.transformer (/Users/jihunkong/DigitalBook/backend/node_modules/tsx/dist/register-D46fvsV_.cjs:3:1104)
    at Module.load (node:internal/modules/cjs/loader:1469:32)
    at Function._load (node:internal/modules/cjs/loader:1286:12)
    at TracingChannel.traceSync (node:diagnostics_channel:322:14)
    at wrapModuleLoad (node:internal/modules/cjs/loader:235:24)
    at Module.require (node:internal/modules/cjs/loader:1491:12)
    at require (node:internal/modules/helpers:135:16)
    at multimediaRoutes (/Users/jihunkong/DigitalBook/backend/src/routes/index.ts:12:30)
    at Object.<anonymous> (/Users/jihunkong/DigitalBook/backend/src/routes/index.ts:28:16)
    at Module._compile (node:internal/modules/cjs/loader:1734:14)
    at Object.transformer (/Users/jihunkong/DigitalBook/backend/node_modules/tsx/dist/register-D46fvsV_.cjs:3:1104)
    at Module.load (node:internal/modules/cjs/loader:1469:32)
    at Function._load (node:internal/modules/cjs/loader:1286:12)

Node.js v23.11.0
오후 4:47:22 [tsx] change in ./src/index.ts Rerunning...
c/Users/jihunkong/DigitalBook/backend/src/routes/multimedia.routes.ts:94
  validate(uploadSchema),
  ^


TypeError: (0 , import_validator.validate) is not a function
    at multer (/Users/jihunkong/DigitalBook/backend/src/routes/multimedia.routes.ts:94:3)
    at Object.<anonymous> (/Users/jihunkong/DigitalBook/backend/src/routes/multimedia.routes.ts:131:16)
    at Module._compile (node:internal/modules/cjs/loader:1734:14)
    at Object.transformer (/Users/jihunkong/DigitalBook/backend/node_modules/tsx/dist/register-D46fvsV_.cjs:3:1104)
    at Module.load (node:internal/modules/cjs/loader:1469:32)
    at Function._load (node:internal/modules/cjs/loader:1286:12)
    at TracingChannel.traceSync (node:diagnostics_channel:322:14)
    at wrapModuleLoad (node:internal/modules/cjs/loader:235:24)
    at Module.require (node:internal/modules/cjs/loader:1491:12)
    at require (node:internal/modules/helpers:135:16)
    at multimediaRoutes (/Users/jihunkong/DigitalBook/backend/src/routes/index.ts:12:30)
    at Object.<anonymous> (/Users/jihunkong/DigitalBook/backend/src/routes/index.ts:28:16)
    at Module._compile (node:internal/modules/cjs/loader:1734:14)
    at Object.transformer (/Users/jihunkong/DigitalBook/backend/node_modules/tsx/dist/register-D46fvsV_.cjs:3:1104)
    at Module.load (node:internal/modules/cjs/loader:1469:32)
    at Function._load (node:internal/modules/cjs/loader:1286:12)

Node.js v23.11.0
오후 4:47:50 [tsx] change in ./src/controllers/assignment.controller.ts Rerunning...
c/Users/jihunkong/DigitalBook/backend/src/config/database.ts:26
    throw new Error('Database not initialized');
          ^


Error: Database not initialized
    at getDatabase (/Users/jihunkong/DigitalBook/backend/src/config/database.ts:26:11)
    at <anonymous> (/Users/jihunkong/DigitalBook/backend/src/controllers/assignment.controller.ts:5:16)
    at Object.<anonymous> (/Users/jihunkong/DigitalBook/backend/src/controllers/assignment.controller.ts:268:1)
    at Module._compile (node:internal/modules/cjs/loader:1734:14)
    at Object.transformer (/Users/jihunkong/DigitalBook/backend/node_modules/tsx/dist/register-D46fvsV_.cjs:3:1104)
    at Module.load (node:internal/modules/cjs/loader:1469:32)
    at Function._load (node:internal/modules/cjs/loader:1286:12)
    at TracingChannel.traceSync (node:diagnostics_channel:322:14)
    at wrapModuleLoad (node:internal/modules/cjs/loader:235:24)
    at Module.require (node:internal/modules/cjs/loader:1491:12)

Node.js v23.11.0
오후 4:48:01 [tsx] change in ./src/controllers/assignment.controller.ts Rerunning...
c/Users/jihunkong/DigitalBook/backend/src/config/database.ts:26
    throw new Error('Database not initialized');
          ^


Error: Database not initialized
    at getDatabase (/Users/jihunkong/DigitalBook/오후 4:49:12 [tsx] change in ./src/index.ts Process hasn't exited. Killing process...
오후 4:49:20 [tsx] change in ./src/index.ts Process hasn't exited. Killing process...
오후 4:49:58 [tsx] change in ./src/routes/index.ts Process hasn't exited. Killing process...
오후 4:50:06 [tsx] change in ./src/controllers/assignment.controller.ts Process hasn't exited. Killing process...
오후 4:50:16 [tsx] change in ./src/controllers/assignment.controller.ts Process hasn't exited. Killing process...
오후 6:24:18 [tsx] change in ./src/middlewares/errorHandler.ts Process hasn't exited. Killing process...
오후 6:25:06 [tsx] change in ./src/utils/logger.ts Process hasn't exited. Killing process...
오후 6:27:07 [tsx] change in ./src/middlewares/rateLimiter.ts Process hasn't exited. Killing process...
오후 6:29:41 [tsx] change in ./src/utils/validation/auth.schemas.ts Process hasn't exited. Killing process...
오후 6:30:43 [tsx] change in ./src/index.ts Process hasn't exited. Killing process...
오후 6:43:01 [tsx] change in ./src/routes/index.ts Process hasn't exited. Killing process...
오후 7:03:06 [tsx] change in ./src/routes/index.ts Process hasn't exited. Killing process...
오후 7:03:14 [tsx] change in ./src/routes/index.ts Process hasn't exited. Killing process...
오후 7:04:52 [tsx] change in ./src/controllers/analytics.controller.ts Process hasn't exited. Killing process...
오후 7:05:26 [tsx] change in ./src/controllers/analytics.controller.ts Process hasn't exited. Killing process...
오후 7:05:40 [tsx] change in ./src/routes/analytics.routes.ts Process hasn't exited. Killing process...
오후 7:08:59 [tsx] change in ./src/routes/index.ts Process hasn't exited. Killing process...
오후 7:09:04 [tsx] change in ./src/routes/index.ts Process hasn't exited. Killing process...
오후 7:12:55 [tsx] change in ./src/routes/index.ts Process hasn't exited. Killing process...
오후 7:13:09 [tsx] change in ./src/routes/index.ts Process hasn't exited. Killing process...
오후 7:17:22 [tsx] change in ./src/utils/validation/auth.schemas.ts Process hasn't exited. Killing process...
오후 7:20:13 [tsx] change in ./src/controllers/assignment.controller.ts Process hasn't exited. Killing process...
오후 7:21:08 [tsx] change in ./src/routes/index.ts Process hasn't exited. Killing process...
오후 7:21:22 [tsx] change in ./src/middlewares/errorHandler.ts Process hasn't exited. Killing process...
오후 8:35:10 [tsx] Previous process hasn't exited yet. Force killing...
오후 8:35:15 [tsx] Process didn't exit in 5s. Force killing...
오후 8:36:24 [tsx] Previous process hasn't exited yet. Force killing...
오후 8:36:24 [tsx] Previous process hasn't exited yet. Force killing...
oduleLoad (node:internal/modules/cjs/loader:235:24)
    at Module.require (node:internal/modules/cjs/loader:1491:12)

Node.js v23.11.0
오후 4:49:58 [tsx] change in ./src/routes/index.ts Rerunning...
c/Users/jihunkong/DigitalBook/backend/src/config/database.ts:26
    throw new Error('Database not initialized');
          ^


Error: Database not initialized
    at getDatabase (/Users/jihunkong/DigitalBook/backend/src/config/database.ts:26:11)
    at <anonymous> (/Users/jihunkong/DigitalBook/backend/src/controllers/assignment.controller.ts:5:16)
    at Object.<anonymous> (/Users/jihunkong/DigitalBook/backend/src/controllers/assignment.controller.ts:292:1)
    at Module._compile (node:internal/modules/cjs/loader:1734:14)
    at Object.transformer (/Users/jihunkong/DigitalBook/backend/node_modules/tsx/dist/register-D46fvsV_.cjs:3:1104)
    at Module.load (node:internal/modules/cjs/loader:1469:32)
    at Function._load (node:internal/modules/cjs/loader:1286:12)
    at TracingChannel.traceSync (node:diagnostics_channel:322:14)
    at wrapModuleLoad (node:internal/modules/cjs/loader:235:24)
    at Module.require (node:internal/modules/cjs/loader:1491:12)

Node.js v23.11.0
오후 4:50:06 [tsx] change in ./src/controllers/assignment.controller.ts Rerunning...
c/Users/jihunkong/DigitalBook/backend/src/config/database.ts:26
    throw new Error('Database not initialized');
          ^


Error: Database not initialized
    at getDatabase (/Users/jihunkong/DigitalBook/backend/src/config/database.ts:26:11)
    at <anonymous> (/Users/jihunkong/DigitalBook/backend/src/controllers/assignment.controller.ts:6:16)
    at Object.<anonymous> (/Users/jihunkong/DigitalBook/backend/src/controllers/assignment.controller.ts:293:1)
    at Module._compile (node:internal/modules/cjs/loader:1734:14)
    at Object.transformer (/Users/jihunkong/DigitalBook/backend/node_modules/tsx/dist/register-D46fvsV_.cjs:3:1104)
    at Module.load (node:internal/modules/cjs/loader:1469:32)
    at Function._load (node:internal/modules/cjs/loader:1286:12)
    at TracingChannel.traceSync (node:diagnostics_channel:322:14)
    at wrapModuleLoad (node:internal/modules/cjs/loader:235:24)
    at Module.require (node:internal/modules/cjs/loader:1491:12)

Node.js v23.11.0
오후 4:50:16 [tsx] change in ./src/controllers/assignment.controller.ts Rerunning...
c/Users/jihunkong/DigitalBook/backend/src/config/database.ts:26
    throw new Error('Database not initialized');
          ^


Error: Database not initialized
    at getDatabase (/Users/jihunkong/DigitalBook/backend/src/config/database.ts:26:11)
    at <anonymous> (/Users/jihunkong/DigitalBook/backend/src/controllers/assignment.controller.ts:6:16)
    at Object.<anonymous> (/Users/jihunkong/DigitalBook/backend/src/controllers/assignment.controller.ts:296:1)
    at Module._compile (node:internal/modules/cjs/loader:1734:14)
    at Object.transformer (/Users/jihunkong/DigitalBook/backend/node_modules/tsx/dist/register-D46fvsV_.cjs:3:1104)
    at Module.load (node:internal/modules/cjs/loader:1469:32)
    at Function._load (node:internal/modules/cjs/loader:1286:12)
    at TracingChannel.traceSync (node:diagnostics_channel:322:14)
    at wrapModuleLoad (node:internal/modules/cjs/loader:235:24)
    at Module.require (node:internal/modules/cjs/loader:1491:12)

Node.js v23.11.0
오후 6:24:18 [tsx] change in ./src/middlewares/errorHandler.ts Rerunning...
c/Users/jihunkong/DigitalBook/backend/src/config/database.ts:26
    throw new Error('Database not initialized');
          ^


Error: Database not initialized
    at getDatabase (/Users/jihunkong/DigitalBook/backend/src/config/database.ts:26:11)
    at <anonymous> (/Users/jihunkong/DigitalBook/backend/src/controllers/assignment.controller.ts:6:16)
    at Object.<anonymous> (/Users/jihunkong/DigitalBook/backend/src/controllers/assignment.controller.ts:296:1)
    at Module._compile (node:internal/modules/cjs/loader:1734:14)
    at Object.transformer (/Users/jihunkong/DigitalBook/backend/node_modules/tsx/dist/register-D46fvsV_.cjs:3:1104)
    at Module.load (node:internal/modules/cjs/loader:1469:32)
    at Function._load (node:internal/modules/cjs/loader:1286:12)
    at TracingChannel.traceSync (node:diagnostics_channel:322:14)
    at wrapModuleLoad (node:internal/modules/cjs/loader:235:24)
    at Module.require (node:internal/modules/cjs/loader:1491:12)

Node.js v23.11.0
오후 6:25:06 [tsx] change in ./src/utils/logger.ts Rerunning...
cnode:internal/modules/cjs/loader:1405
  const err = new Error(message);
              ^

Error: Cannot find module 'winston-daily-rotate-file'
Require stack:
- /Users/jihunkong/DigitalBook/backend/src/utils/logger.ts
- /Users/jihunkong/DigitalBook/backend/src/middlewares/errorHandler.ts
- /Users/jihunkong/DigitalBook/backend/src/index.ts
    at node:internal/modules/cjs/loader:1405:15
    at nextResolveSimple (/Users/jihunkong/DigitalBook/backend/node_modules/tsx/dist/register-D46fvsV_.cjs:4:1004)
    at /Users/jihunkong/DigitalBook/backend/node_modules/tsx/dist/register-D46fvsV_.cjs:3:2630
    at /Users/jihunkong/DigitalBook/backend/node_modules/tsx/dist/register-D46fvsV_.cjs:3:1542
    at resolveTsPaths (/Users/jihunkong/DigitalBook/backend/node_modules/tsx/dist/register-D46fvsV_.cjs:4:760)
    at /Users/jihunkong/DigitalBook/backend/node_modules/tsx/dist/register-D46fvsV_.cjs:4:1102
    at m._resolveFilename (file:///Users/jihunkong/DigitalBook/backend/node_modules/tsx/dist/register-B7jrtLTO.mjs:1:789)
    at defaultResolveImpl (node:internal/modules/cjs/loader:1061:19)
    at resolveForCJSWithHooks (node:internal/modules/cjs/loader:1066:22)
    at Function._load (node:internal/modules/cjs/loader:1215:37) {
  code: 'MODULE_NOT_FOUND',
  requireStack: [
    '/Users/jihunkong/DigitalBook/backend/src/utils/logger.ts',
    '/Users/jihunkong/DigitalBook/backend/src/middlewares/errorHandler.ts',
    '/Users/jihunkong/DigitalBook/backend/src/index.ts'
  ]
}

Node.js v23.11.0
오후 6:27:07 [tsx] change in ./src/middlewares/rateLimiter.ts Rerunning...
cnode:internal/modules/cjs/loader:1405
  const err = new Error(message);
              ^

Error: Cannot find module 'rate-limit-redis'
Require stack:
- /Users/jihunkong/DigitalBook/backend/src/middlewares/rateLimiter.ts
- /Users/jihunkong/DigitalBook/backend/src/index.ts
    at node:internal/modules/cjs/loader:1405:15
    at nextResolveSimple (/Users/jihunkong/DigitalBook/backend/node_modules/tsx/dist/register-D46fvsV_.cjs:4:1004)
    at /Users/jihunkong/DigitalBook/backend/node_modules/tsx/dist/register-D46fvsV_.cjs:3:2630
    at /Users/jihunkong/DigitalBook/backend/node_modules/tsx/dist/register-D46fvsV_.cjs:3:1542
    at resolveTsPaths (/Users/jihunkong/DigitalBook/backend/node_modules/tsx/dist/register-D46fvsV_.cjs:4:760)
    at /Users/jihunkong/DigitalBook/backend/node_modules/tsx/dist/register-D46fvsV_.cjs:4:1102
    at m._resolveFilename (file:///Users/jihunkong/DigitalBook/backend/node_modules/tsx/dist/register-B7jrtLTO.mjs:1:789)
    at defaultResolveImpl (node:internal/modules/cjs/loader:1061:19)
    at resolveForCJSWithHooks (node:internal/modules/cjs/loader:1066:22)
    at Function._load (node:internal/modules/cjs/loader:1215:37) {
  code: 'MODULE_NOT_FOUND',
  requireStack: [
    '/Users/jihunkong/DigitalBook/backend/src/middlewares/rateLimiter.ts',
    '/Users/jihunkong/DigitalBook/backend/src/index.ts'
  ]
}

Node.js v23.11.0
오후 6:29:41 [tsx] change in ./src/utils/validation/auth.schemas.ts Rerunning...
c/Users/jihunkong/DigitalBook/backend/node_modules/@hapi/hoek/lib/error.js:23
            Error.captureStackTrace(this, exports.assert);
                  ^

Error: tlds.allow must contain valid top level domain names
    at new module.exports (/Users/jihunkong/DigitalBook/backend/node_modules/@hapi/hoek/lib/error.js:23:19)
    at module.exports (/Users/jihunkong/DigitalBook/backend/node_modules/@hapi/hoek/lib/assert.js:21:11)
    at internals.validateTlds (/Users/jihunkong/DigitalBook/backend/node_modules/joi/lib/types/string.js:821:9)
    at internals.addressOptions (/Users/jihunkong/DigitalBook/backend/node_modules/joi/lib/types/string.js:813:15)
    at internals.Base.method [as email] (/Users/jihunkong/DigitalBook/backend/node_modules/joi/lib/types/string.js:296:43)
    at Joi (/Users/jihunkong/DigitalBook/backend/src/utils/validation/auth.schemas.ts:37:8)
    at Object.<anonymous> (/Users/jihunkong/DigitalBook/backend/src/utils/validation/auth.schemas.ts:261:1)
    at Module._compile (node:internal/modules/cjs/loader:1734:14)
    at Object.transformer (/Users/jihunkong/DigitalBook/backend/node_modules/tsx/dist/register-D46fvsV_.cjs:3:1104)
    at Module.load (node:internal/modules/cjs/loader:1469:32)

Node.js v23.11.0
오후 6:30:43 [tsx] change in ./src/index.ts Rerunning...
c/Users/jihunkong/DigitalBook/backend/node_modules/@hapi/hoek/lib/error.js:23
            Error.captureStackTrace(this, exports.assert);
                  ^

Error: tlds.allow must contain valid top level domain names
    at new module.exports (/Users/jihunkong/DigitalBook/backend/node_modules/@hapi/hoek/lib/error.js:23:19)
    at module.exports (/Users/jihunkong/DigitalBook/backend/node_modules/@hapi/hoek/lib/assert.js:21:11)
    at internals.validateTlds (/Users/jihunkong/DigitalBook/backend/node_modules/joi/lib/types/string.js:821:9)
    at internals.addressOptions (/Users/jihunkong/DigitalBook/backend/node_modules/joi/lib/types/string.js:813:15)
    at internals.Base.method [as email] (/Users/jihunkong/DigitalBook/backend/node_modules/joi/lib/types/string.js:296:43)
    at Joi (/Users/jihunkong/DigitalBook/backend/src/utils/validation/auth.schemas.ts:37:8)
    at Object.<anonymous> (/Users/jihunkong/DigitalBook/backend/src/utils/validation/auth.schemas.ts:261:1)
    at Module._compile (node:internal/modules/cjs/loader:1734:14)
    at Object.transformer (/Users/jihunkong/DigitalBook/backend/node_modules/tsx/dist/register-D46fvsV_.cjs:3:1104)
    at Module.load (node:internal/modules/cjs/loader:1469:32)

Node.js v23.11.0
오후 6:43:01 [tsx] change in ./src/routes/index.ts Rerunning...
c/Users/jihunkong/DigitalBook/backend/node_modules/@hapi/hoek/lib/error.js:23
            Error.captureStackTrace(this, exports.assert);
                  ^

Error: tlds.allow must contain valid top level domain names
    at new module.exports (/Users/jihunkong/DigitalBook/backend/node_modules/@hapi/hoek/lib/error.js:23:19)
    at module.exports (/Users/jihunkong/DigitalBook/backend/node_modules/@hapi/hoek/lib/assert.js:21:11)
    at internals.validateTlds (/Users/jihunkong/DigitalBook/backend/node_modules/joi/lib/types/string.js:821:9)
    at internals.addressOptions (/Users/jihunkong/DigitalBook/backend/node_modules/joi/lib/types/string.js:813:15)
    at internals.Base.method [as email] (/Users/jihunkong/DigitalBook/backend/node_modules/joi/lib/types/string.js:296:43)
    at Joi (/Users/jihunkong/DigitalBook/backend/src/utils/validation/auth.schemas.ts:37:8)
    at Object.<anonymous> (/Users/jihunkong/DigitalBook/backend/src/utils/validation/auth.schemas.ts:261:1)
    at Module._compile (node:internal/modules/cjs/loader:1734:14)
    at Object.transformer (/Users/jihunkong/DigitalBook/backend/node_modules/tsx/dist/register-D46fvsV_.cjs:3:1104)
    at Module.load (node:internal/modules/cjs/loader:1469:32)

Node.js v23.11.0
오후 7:03:06 [tsx] change in ./src/routes/index.ts Rerunning...
c/Users/jihunkong/DigitalBook/backend/node_modules/@hapi/hoek/lib/error.js:23
            Error.captureStackTrace(this, exports.assert);
                  ^

Error: tlds.allow must contain valid top level domain names
    at new module.exports (/Users/jihunkong/DigitalBook/backend/node_modules/@hapi/hoek/lib/error.js:23:19)
    at module.exports (/Users/jihunkong/DigitalBook/backend/node_modules/@hapi/hoek/lib/assert.js:21:11)
    at internals.validateTlds (/Users/jihunkong/DigitalBook/backend/node_modules/joi/lib/types/string.js:821:9)
    at internals.addressOptions (/Users/jihunkong/DigitalBook/backend/node_modules/joi/lib/types/string.js:813:15)
    at internals.Base.method [as email] (/Users/jihunkong/DigitalBook/backend/node_modules/joi/lib/types/string.js:296:43)
    at Joi (/Users/jihunkong/DigitalBook/backend/src/utils/validation/auth.schemas.ts:37:8)
    at Object.<anonymous> (/Users/jihunkong/DigitalBook/backend/src/utils/validation/auth.schemas.ts:261:1)
    at Module._compile (node:internal/modules/cjs/loader:1734:14)
    at Object.transformer (/Users/jihunkong/DigitalBook/backend/node_modules/tsx/dist/register-D46fvsV_.cjs:3:1104)
    at Module.load (node:internal/modules/cjs/loader:1469:32)

Node.js v23.11.0
오후 7:03:14 [tsx] change in ./src/routes/index.ts Rerunning...
c/Users/jihunkong/DigitalBook/backend/node_modules/@hapi/hoek/lib/error.js:23
            Error.captureStackTrace(this, exports.assert);
                  ^

Error: tlds.allow must contain valid top level domain names
    at new module.exports (/Users/jihunkong/DigitalBook/backend/node_modules/@hapi/hoek/lib/error.js:23:19)
    at module.exports (/Users/jihunkong/DigitalBook/backend/node_modules/@hapi/hoek/lib/assert.js:21:11)
    at internals.validateTlds (/Users/jihunkong/DigitalBook/backend/node_modules/joi/lib/types/string.js:821:9)
    at internals.addressOptions (/Users/jihunkong/DigitalBook/backend/node_modules/joi/lib/types/string.js:813:15)
    at internals.Base.method [as email] (/Users/jihunkong/DigitalBook/backend/node_modules/joi/lib/types/string.js:296:43)
    at Joi (/Users/jihunkong/DigitalBook/backend/src/utils/validation/auth.schemas.ts:37:8)
    at Object.<anonymous> (/Users/jihunkong/DigitalBook/backend/src/utils/validation/auth.schemas.ts:261:1)
    at Module._compile (node:internal/modules/cjs/loader:1734:14)
    at Object.transformer (/Users/jihunkong/DigitalBook/backend/node_modules/tsx/dist/register-D46fvsV_.cjs:3:1104)
    at Module.load (node:internal/modules/cjs/loader:1469:32)

Node.js v23.11.0
오후 7:04:52 [tsx] change in ./src/controllers/analytics.controller.ts Rerunning...
c/Users/jihunkong/DigitalBook/backend/node_modules/@hapi/hoek/lib/error.js:23
            Error.captureStackTrace(this, exports.assert);
                  ^

Error: tlds.allow must contain valid top level domain names
    at new module.exports (/Users/jihunkong/DigitalBook/backend/node_modules/@hapi/hoek/lib/error.js:23:19)
    at module.exports (/Users/jihunkong/DigitalBook/backend/node_modules/@hapi/hoek/lib/assert.js:21:11)
    at internals.validateTlds (/Users/jihunkong/DigitalBook/backend/node_modules/joi/lib/types/string.js:821:9)
    at internals.addressOptions (/Users/jihunkong/DigitalBook/backend/node_modules/joi/lib/types/string.js:813:15)
    at internals.Base.method [as email] (/Users/jihunkong/DigitalBook/backend/node_modules/joi/lib/types/string.js:296:43)
    at Joi (/Users/jihunkong/DigitalBook/backend/src/utils/validation/auth.schemas.ts:37:8)
    at Object.<anonymous> (/Users/jihunkong/DigitalBook/backend/src/utils/validation/auth.schemas.ts:261:1)
    at Module._compile (node:internal/modules/cjs/loader:1734:14)
    at Object.transformer (/Users/jihunkong/DigitalBook/backend/node_modules/tsx/dist/register-D46fvsV_.cjs:3:1104)
    at Module.load (node:internal/modules/cjs/loader:1469:32)

Node.js v23.11.0
오후 7:05:26 [tsx] change in ./src/controllers/analytics.controller.ts Rerunning...
c/Users/jihunkong/DigitalBook/backend/node_modules/@hapi/hoek/lib/error.js:23
            Error.captureStackTrace(this, exports.assert);
                  ^

Error: tlds.allow must contain valid top level domain names
    at new module.exports (/Users/jihunkong/DigitalBook/backend/node_modules/@hapi/hoek/lib/error.js:23:19)
    at module.exports (/Users/jihunkong/DigitalBook/backend/node_modules/@hapi/hoek/lib/assert.js:21:11)
    at internals.validateTlds (/Users/jihunkong/DigitalBook/backend/node_modules/joi/lib/types/string.js:821:9)
    at internals.addressOptions (/Users/jihunkong/DigitalBook/backend/node_modules/joi/lib/types/string.js:813:15)
    at internals.Base.method [as email] (/Users/jihunkong/DigitalBook/backend/node_modules/joi/lib/types/string.js:296:43)
    at Joi (/Users/jihunkong/DigitalBook/backend/src/utils/validation/auth.schemas.ts:37:8)
    at Object.<anonymous> (/Users/jihunkong/DigitalBook/backend/src/utils/validation/auth.schemas.ts:261:1)
    at Module._compile (node:internal/modules/cjs/loader:1734:14)
    at Object.transformer (/Users/jihunkong/DigitalBook/backend/node_modules/tsx/dist/register-D46fvsV_.cjs:3:1104)
    at Module.load (node:internal/modules/cjs/loader:1469:32)

Node.js v23.11.0
오후 7:05:40 [tsx] change in ./src/routes/analytics.routes.ts Rerunning...
c/Users/jihunkong/DigitalBook/backend/node_modules/@hapi/hoek/lib/error.js:23
            Error.captureStackTrace(this, exports.assert);
                  ^

Error: tlds.allow must contain valid top level domain names
    at new module.exports (/Users/jihunkong/DigitalBook/backend/node_modules/@hapi/hoek/lib/error.js:23:19)
    at module.exports (/Users/jihunkong/DigitalBook/backend/node_modules/@hapi/hoek/lib/assert.js:21:11)
    at internals.validateTlds (/Users/jihunkong/DigitalBook/backend/node_modules/joi/lib/types/string.js:821:9)
    at internals.addressOptions (/Users/jihunkong/DigitalBook/backend/node_modules/joi/lib/types/string.js:813:15)
    at internals.Base.method [as email] (/Users/jihunkong/DigitalBook/backend/node_modules/joi/lib/types/string.js:296:43)
    at Joi (/Users/jihunkong/DigitalBook/backend/src/utils/validation/auth.schemas.ts:37:8)
    at Object.<anonymous> (/Users/jihunkong/DigitalBook/backend/src/utils/validation/auth.schemas.ts:261:1)
    at Module._compile (node:internal/modules/cjs/loader:1734:14)
    at Object.transformer (/Users/jihunkong/DigitalBook/backend/node_modules/tsx/dist/register-D46fvsV_.cjs:3:1104)
    at Module.load (node:internal/modules/cjs/loader:1469:32)

Node.js v23.11.0
오후 7:08:59 [tsx] change in ./src/routes/index.ts Rerunning...
c/Users/jihunkong/DigitalBook/backend/node_modules/@hapi/hoek/lib/error.js:23
            Error.captureStackTrace(this, exports.assert);
                  ^

Error: tlds.allow must contain valid top level domain names
    at new module.exports (/Users/jihunkong/DigitalBook/backend/node_modules/@hapi/hoek/lib/error.js:23:19)
    at module.exports (/Users/jihunkong/DigitalBook/backend/node_modules/@hapi/hoek/lib/assert.js:21:11)
    at internals.validateTlds (/Users/jihunkong/DigitalBook/backend/node_modules/joi/lib/types/string.js:821:9)
    at internals.addressOptions (/Users/jihunkong/DigitalBook/backend/node_modules/joi/lib/types/string.js:813:15)
    at internals.Base.method [as email] (/Users/jihunkong/DigitalBook/backend/node_modules/joi/lib/types/string.js:296:43)
    at Joi (/Users/jihunkong/DigitalBook/backend/src/utils/validation/auth.schemas.ts:37:8)
    at Object.<anonymous> (/Users/jihunkong/DigitalBook/backend/src/utils/validation/auth.schemas.ts:261:1)
    at Module._compile (node:internal/modules/cjs/loader:1734:14)
    at Object.transformer (/Users/jihunkong/DigitalBook/backend/node_modules/tsx/dist/register-D46fvsV_.cjs:3:1104)
    at Module.load (node:internal/modules/cjs/loader:1469:32)

Node.js v23.11.0
오후 7:09:04 [tsx] change in ./src/routes/index.ts Rerunning...
c/Users/jihunkong/DigitalBook/backend/node_modules/@hapi/hoek/lib/error.js:23
            Error.captureStackTrace(this, exports.assert);
                  ^

Error: tlds.allow must contain valid top level domain names
    at new module.exports (/Users/jihunkong/DigitalBook/backend/node_modules/@hapi/hoek/lib/error.js:23:19)
    at module.exports (/Users/jihunkong/DigitalBook/backend/node_modules/@hapi/hoek/lib/assert.js:21:11)
    at internals.validateTlds (/Users/jihunkong/DigitalBook/backend/node_modules/joi/lib/types/string.js:821:9)
    at internals.addressOptions (/Users/jihunkong/DigitalBook/backend/node_modules/joi/lib/types/string.js:813:15)
    at internals.Base.method [as email] (/Users/jihunkong/DigitalBook/backend/node_modules/joi/lib/types/string.js:296:43)
    at Joi (/Users/jihunkong/DigitalBook/backend/src/utils/validation/auth.schemas.ts:37:8)
    at Object.<anonymous> (/Users/jihunkong/DigitalBook/backend/src/utils/validation/auth.schemas.ts:261:1)
    at Module._compile (node:internal/modules/cjs/loader:1734:14)
    at Object.transformer (/Users/jihunkong/DigitalBook/backend/node_modules/tsx/dist/register-D46fvsV_.cjs:3:1104)
    at Module.load (node:internal/modules/cjs/loader:1469:32)

Node.js v23.11.0
오후 7:12:55 [tsx] change in ./src/routes/index.ts Rerunning...
c/Users/jihunkong/DigitalBook/backend/node_modules/@hapi/hoek/lib/error.js:23
            Error.captureStackTrace(this, exports.assert);
                  ^

Error: tlds.allow must contain valid top level domain names
    at new module.exports (/Users/jihunkong/DigitalBook/backend/node_modules/@hapi/hoek/lib/error.js:23:19)
    at module.exports (/Users/jihunkong/DigitalBook/backend/node_modules/@hapi/hoek/lib/assert.js:21:11)
    at internals.validateTlds (/Users/jihunkong/DigitalBook/backend/node_modules/joi/lib/types/string.js:821:9)
    at internals.addressOptions (/Users/jihunkong/DigitalBook/backend/node_modules/joi/lib/types/string.js:813:15)
    at internals.Base.method [as email] (/Users/jihunkong/DigitalBook/backend/node_modules/joi/lib/types/string.js:296:43)
    at Joi (/Users/jihunkong/DigitalBook/backend/src/utils/validation/auth.schemas.ts:37:8)
    at Object.<anonymous> (/Users/jihunkong/DigitalBook/backend/src/utils/validation/auth.schemas.ts:261:1)
    at Module._compile (node:internal/modules/cjs/loader:1734:14)
    at Object.transformer (/Users/jihunkong/DigitalBook/backend/node_modules/tsx/dist/register-D46fvsV_.cjs:3:1104)
    at Module.load (node:internal/modules/cjs/loader:1469:32)

Node.js v23.11.0
오후 7:13:09 [tsx] change in ./src/routes/index.ts Rerunning...
c/Users/jihunkong/DigitalBook/backend/node_modules/@hapi/hoek/lib/error.js:23
            Error.captureStackTrace(this, exports.assert);
                  ^

Error: tlds.allow must contain valid top level domain names
    at new module.exports (/Users/jihunkong/DigitalBook/backend/node_modules/@hapi/hoek/lib/error.js:23:19)
    at module.exports (/Users/jihunkong/DigitalBook/backend/node_modules/@hapi/hoek/lib/assert.js:21:11)
    at internals.validateTlds (/Users/jihunkong/DigitalBook/backend/node_modules/joi/lib/types/string.js:821:9)
    at internals.addressOptions (/Users/jihunkong/DigitalBook/backend/node_modules/joi/lib/types/string.js:813:15)
    at internals.Base.method [as email] (/Users/jihunkong/DigitalBook/backend/node_modules/joi/lib/types/string.js:296:43)
    at Joi (/Users/jihunkong/DigitalBook/backend/src/utils/validation/auth.schemas.ts:37:8)
    at Object.<anonymous> (/Users/jihunkong/DigitalBook/backend/src/utils/validation/auth.schemas.ts:261:1)
    at Module._compile (node:internal/modules/cjs/loader:1734:14)
    at Object.transformer (/Users/jihunkong/DigitalBook/backend/node_modules/tsx/dist/register-D46fvsV_.cjs:3:1104)
    at Module.load (node:internal/modules/cjs/loader:1469:32)

Node.js v23.11.0
오후 7:17:22 [tsx] change in ./src/utils/validation/auth.schemas.ts Rerunning...
c/Users/jihunkong/DigitalBook/backend/src/config/database.ts:26
    throw new Error('Database not initialized');
          ^


Error: Database not initialized
    at getDatabase (/Users/jihunkong/DigitalBook/backend/src/config/database.ts:26:11)
    at <anonymous> (/Users/jihunkong/DigitalBook/backend/src/controllers/assignment.controller.ts:6:16)
    at Object.<anonymous> (/Users/jihunkong/DigitalBook/backend/src/controllers/assignment.controller.ts:296:1)
    at Module._compile (node:internal/modules/cjs/loader:1734:14)
    at Object.transformer (/Users/jihunkong/DigitalBook/backend/node_modules/tsx/dist/register-D46fvsV_.cjs:3:1104)
    at Module.load (node:internal/modules/cjs/loader:1469:32)
    at Function._load (node:internal/modules/cjs/loader:1286:12)
    at TracingChannel.traceSync (node:diagnostics_channel:322:14)
    at wrapModuleLoad (node:internal/modules/cjs/loader:235:24)
    at Module.require (node:internal/modules/cjs/loader:1491:12)

Node.js v23.11.0
오후 7:20:13 [tsx] change in ./src/controllers/assignment.controller.ts Rerunning...
c/Users/jihunkong/DigitalBook/backend/src/config/database.ts:26
    throw new Error('Database not initialized');
          ^


Error: Database not initialized
    at getDatabase (/Users/jihunkong/DigitalBook/backend/src/config/database.ts:26:11)
    at new UserActivityService (/Users/jihunkong/DigitalBook/backend/src/services/user-activity.service.ts:43:19)
    at <anonymous> (/Users/jihunkong/DigitalBook/backend/src/services/user-activity.service.ts:605:36)
    at Object.<anonymous> (/Users/jihunkong/DigitalBook/backend/src/services/user-activity.service.ts:605:40)
    at Module._compile (node:internal/modules/cjs/loader:1734:14)
    at Object.transformer (/Users/jihunkong/DigitalBook/backend/node_modules/tsx/dist/register-D46fvsV_.cjs:3:1104)
    at Module.load (node:internal/modules/cjs/loader:1469:32)
    at Function._load (node:internal/modules/cjs/loader:1286:12)
    at TracingChannel.traceSync (node:diagnostics_channel:322:14)
    at wrapModuleLoad (node:internal/modules/cjs/loader:235:24)
    at Module.require (node:internal/modules/cjs/loader:1491:12)
    at require (node:internal/modules/helpers:135:16)
    at ExcelJS (/Users/jihunkong/DigitalBook/backend/src/controllers/analytics.controller.ts:8:37)
    at Object.<anonymous> (/Users/jihunkong/DigitalBook/backend/src/controllers/analytics.controller.ts:652:40)
    at Module._compile (node:internal/modules/cjs/loader:1734:14)
    at Object.transformer (/Users/jihunkong/DigitalBook/backend/node_modules/tsx/dist/register-D46fvsV_.cjs:3:1104)

Node.js v23.11.0
오후 7:21:08 [tsx] change in ./src/routes/index.ts Rerunning...
c/Users/jihunkong/DigitalBook/backend/node_modules/express/lib/router/route.js:216
        throw new Error(msg);
              ^

Error: Route.get() requires a callback function but got a [object Undefined]
    at Route.<computed> [as get] (/Users/jihunkong/DigitalBook/backend/node_modules/express/lib/router/route.js:216:15)
    at proto.<computed> [as get] (/Users/jihunkong/DigitalBook/backend/node_modules/express/lib/router/index.js:521:19)
    at <anonymous> (/Users/jihunkong/DigitalBook/backend/src/routes/monitoring.routes.ts:47:8)
    at Object.<anonymous> (/Users/jihunkong/DigitalBook/backend/src/routes/monitoring.routes.ts:151:16)
    at Module._compile (node:internal/modules/cjs/loader:1734:14)
    at Object.transformer (/Users/jihunkong/DigitalBook/backend/node_modules/tsx/dist/register-D46fvsV_.cjs:3:1104)
    at Module.load (node:internal/modules/cjs/loader:1469:32)
    at Function._load (node:internal/modules/cjs/loader:1286:12)
    at TracingChannel.traceSync (node:diagnostics_channel:322:14)
    at wrapModuleLoad (node:internal/modules/cjs/loader:235:24)

Node.js v23.11.0
오후 7:21:22 [tsx] change in ./src/middlewares/errorHandler.ts Rerunning...
c/Users/jihunkong/DigitalBook/backend/node_modules/express/lib/router/route.js:216
        throw new Error(msg);
              ^

Error: Route.get() requires a callback function but got a [object Undefined]
    at Route.<computed> [as get] (/Users/jihunkong/DigitalBook/backend/node_modules/express/lib/router/route.js:216:15)
    at proto.<computed> [as get] (/Users/jihunkong/DigitalBook/backend/node_modules/express/lib/router/index.js:521:19)
    at <anonymous> (/Users/jihunkong/DigitalBook/backend/src/routes/monitoring.routes.ts:47:8)
    at Object.<anonymous> (/Users/jihunkong/DigitalBook/backend/src/routes/monitoring.routes.ts:151:16)
    at Module._compile (node:internal/modules/cjs/loader:1734:14)
    at Object.transformer (/Users/jihunkong/DigitalBook/backend/node_modules/tsx/dist/register-D46fvsV_.cjs:3:1104)
    at Module.load (node:internal/modules/cjs/loader:1469:32)
    at Function._load (node:internal/modules/cjs/loader:1286:12)
    at TracingChannel.traceSync (node:diagnostics_channel:322:14)
    at wrapModuleLoad (node:internal/modules/cjs/loader:235:24)

Node.js v23.11.0

    at Object.transformer (/Users/jihunkong/DigitalBook/backend/node_modules/tsx/dist/register-D46fvsV_.cjs:3:1104)
    at Module.load (node:internal/modules/cjs/loader:1469:32)

Node.js v23.11.0
오후 6:30:43 [tsx] change in ./src/index.ts Rerunning...
c/Users/jihunkong/DigitalBook/backend/node_modules/@hapi/hoek/lib/error.js:23
            Error.captureStackTrace(this, exports.assert);
                  ^

Error: tlds.allow must contain valid top level domain names
    at new module.exports (/Users/jihunkong/DigitalBook/backend/node_modules/@hapi/hoek/lib/error.js:23:19)
    at module.exports (/Users/jihunkong/DigitalBook/backend/node_modules/@hapi/hoek/lib/assert.js:21:11)
    at internals.validateTlds (/Users/jihunkong/DigitalBook/backend/node_modules/joi/lib/types/string.js:821:9)
    at internals.addressOptions (/Users/jihunkong/DigitalBook/backend/node_modules/joi/lib/types/string.js:813:15)
    at internals.Base.method [as email] (/Users/jihunkong/DigitalBook/backend/node_modules/joi/lib/types/string.js:296:43)
    at Joi (/Users/jihunkong/DigitalBook/backend/src/utils/validation/auth.schemas.ts:37:8)
    at Object.<anonymous> (/Users/jihunkong/DigitalBook/backend/src/utils/validation/auth.schemas.ts:261:1)
    at Module._compile (node:internal/modules/cjs/loader:1734:14)
    at Object.transformer (/Users/jihunkong/DigitalBook/backend/node_modules/tsx/dist/register-D46fvsV_.cjs:3:1104)
    at Module.load (node:internal/modules/cjs/loader:1469:32)

Node.js v23.11.0
오후 6:43:01 [tsx] change in ./src/routes/index.ts Rerunning...
c/Users/jihunkong/DigitalBook/backend/node_modules/@hapi/hoek/lib/error.js:23
            Error.captureStackTrace(this, exports.assert);
                  ^

Error: tlds.allow must contain valid top level domain names
    at new module.exports (/Users/jihunkong/DigitalBook/backend/node_modules/@hapi/hoek/lib/error.js:23:19)
    at module.exports (/Users/jihunkong/DigitalBook/backend/node_modules/@hapi/hoek/lib/assert.js:21:11)
    at internals.validateTlds (/Users/jihunkong/DigitalBook/backend/node_modules/joi/lib/types/string.js:821:9)
    at internals.addressOptions (/Users/jihunkong/DigitalBook/backend/node_modules/joi/lib/types/string.js:813:15)
    at internals.Base.method [as email] (/Users/jihunkong/DigitalBook/backend/node_modules/joi/lib/types/string.js:296:43)
    at Joi (/Users/jihunkong/DigitalBook/backend/src/utils/validation/auth.schemas.ts:37:8)
    at Object.<anonymous> (/Users/jihunkong/DigitalBook/backend/src/utils/validation/auth.schemas.ts:261:1)
    at Module._compile (node:internal/modules/cjs/loader:1734:14)
    at Object.transformer (/Users/jihunkong/DigitalBook/backend/node_modules/tsx/dist/register-D46fvsV_.cjs:3:1104)
    at Module.load (node:internal/modules/cjs/loader:1469:32)

Node.js v23.11.0
오후 7:03:06 [tsx] change in ./src/routes/index.ts Rerunning...
c/Users/jihunkong/DigitalBook/backend/node_modules/@hapi/hoek/lib/error.js:23
            Error.captureStackTrace(this, exports.assert);
                  ^

Error: tlds.allow must contain valid top level domain names
    at new module.exports (/Users/jihunkong/DigitalBook/backend/node_modules/@hapi/hoek/lib/error.js:23:19)
    at module.exports (/Users/jihunkong/DigitalBook/backend/node_modules/@hapi/hoek/lib/assert.js:21:11)
    at internals.validateTlds (/Users/jihunkong/DigitalBook/backend/node_modules/joi/lib/types/string.js:821:9)
    at internals.addressOptions (/Users/jihunkong/DigitalBook/backend/node_modules/joi/lib/types/string.js:813:15)
    at internals.Base.method [as email] (/Users/jihunkong/DigitalBook/backend/node_modules/joi/lib/types/string.js:296:43)
    at Joi (/Users/jihunkong/DigitalBook/backend/src/utils/validation/auth.schemas.ts:37:8)
    at Object.<anonymous> (/Users/jihunkong/DigitalBook/backend/src/utils/validation/auth.schemas.ts:261:1)
    at Module._compile (node:internal/modules/cjs/loader:1734:14)
    at Object.transformer (/Users/jihunkong/DigitalBook/backend/node_modules/tsx/dist/register-D46fvsV_.cjs:3:1104)
    at Module.load (node:internal/modules/cjs/loader:1469:32)

Node.js v23.11.0
오후 7:03:14 [tsx] change in ./src/routes/index.ts Rerunning...
c/Users/jihunkong/DigitalBook/backend/node_modules/@hapi/hoek/lib/error.js:23
            Error.captureStackTrace(this, exports.assert);
                  ^

Error: tlds.allow must contain valid top level domain names
    at new module.exports (/Users/jihunkong/DigitalBook/backend/node_modules/@hapi/hoek/lib/error.js:23:19)
    at module.exports (/Users/jihunkong/DigitalBook/backend/node_modules/@hapi/hoek/lib/assert.js:21:11)
    at internals.validateTlds (/Users/jihunkong/DigitalBook/backend/node_modules/joi/lib/types/string.js:821:9)
    at internals.addressOptions (/Users/jihunkong/DigitalBook/backend/node_modules/joi/lib/types/string.js:813:15)
    at internals.Base.method [as email] (/Users/jihunkong/DigitalBook/backend/node_modules/joi/lib/types/string.js:296:43)
    at Joi (/Users/jihunkong/DigitalBook/backend/src/utils/validation/auth.schemas.ts:37:8)
    at Object.<anonymous> (/Users/jihunkong/DigitalBook/backend/src/utils/validation/auth.schemas.ts:261:1)
    at Module._compile (node:internal/modules/cjs/loader:1734:14)
    at Object.transformer (/Users/jihunkong/DigitalBook/backend/node_modules/tsx/dist/register-D46fvsV_.cjs:3:1104)
    at Module.load (node:internal/modules/cjs/loader:1469:32)

Node.js v23.11.0
오후 7:04:52 [tsx] change in ./src/controllers/analytics.controller.ts Rerunning...
c/Users/jihunkong/DigitalBook/backend/node_modules/@hapi/hoek/lib/error.js:23
            Error.captureStackTrace(this, exports.assert);
                  ^

Error: tlds.allow must contain valid top level domain names
    at new module.exports (/Users/jihunkong/DigitalBook/backend/node_modules/@hapi/hoek/lib/error.js:23:19)
    at module.exports (/Users/jihunkong/DigitalBook/backend/node_modules/@hapi/hoek/lib/assert.js:21:11)
    at internals.validateTlds (/Users/jihunkong/DigitalBook/backend/node_modules/joi/lib/types/string.js:821:9)
    at internals.addressOptions (/Users/jihunkong/DigitalBook/backend/node_modules/joi/lib/types/string.js:813:15)
    at internals.Base.method [as email] (/Users/jihunkong/DigitalBook/backend/node_modules/joi/lib/types/string.js:296:43)
    at Joi (/Users/jihunkong/DigitalBook/backend/src/utils/validation/auth.schemas.ts:37:8)
    at Object.<anonymous> (/Users/jihunkong/DigitalBook/backend/src/utils/validation/auth.schemas.ts:261:1)
    at Module._compile (node:internal/modules/cjs/loader:1734:14)
    at Object.transformer (/Users/jihunkong/DigitalBook/backend/node_modules/tsx/dist/register-D46fvsV_.cjs:3:1104)
    at Module.load (node:internal/modules/cjs/loader:1469:32)

Node.js v23.11.0
오후 7:05:26 [tsx] change in ./src/controllers/analytics.controller.ts Rerunning...
c/Users/jihunkong/DigitalBook/backend/node_modules/@hapi/hoek/lib/error.js:23
            Error.captureStackTrace(this, exports.assert);
                  ^

Error: tlds.allow must contain valid top level domain names
    at new module.exports (/Users/jihunkong/DigitalBook/backend/node_modules/@hapi/hoek/lib/error.js:23:19)
    at module.exports (/Users/jihunkong/DigitalBook/backend/node_modules/@hapi/hoek/lib/assert.js:21:11)
    at internals.validateTlds (/Users/jihunkong/DigitalBook/backend/node_modules/joi/lib/types/string.js:821:9)
    at internals.addressOptions (/Users/jihunkong/DigitalBook/backend/node_modules/joi/lib/types/string.js:813:15)
    at internals.Base.method [as email] (/Users/jihunkong/DigitalBook/backend/node_modules/joi/lib/types/string.js:296:43)
    at Joi (/Users/jihunkong/DigitalBook/backend/src/utils/validation/auth.schemas.ts:37:8)
    at Object.<anonymous> (/Users/jihunkong/DigitalBook/backend/src/utils/validation/auth.schemas.ts:261:1)
    at Module._compile (node:internal/modules/cjs/loader:1734:14)
    at Object.transformer (/Users/jihunkong/DigitalBook/backend/node_modules/tsx/dist/register-D46fvsV_.cjs:3:1104)
    at Module.load (node:internal/modules/cjs/loader:1469:32)

Node.js v23.11.0
오후 7:05:40 [tsx] change in ./src/routes/analytics.routes.ts Rerunning...
c/Users/jihunkong/DigitalBook/backend/node_modules/@hapi/hoek/lib/error.js:23
            Error.captureStackTrace(this, exports.assert);
                  ^

Error: tlds.allow must contain valid top level domain names
    at new module.exports (/Users/jihunkong/DigitalBook/backend/node_modules/@hapi/hoek/lib/error.js:23:19)
    at module.exports (/Users/jihunkong/DigitalBook/backend/node_modules/@hapi/hoek/lib/assert.js:21:11)
    at internals.validateTlds (/Users/jihunkong/DigitalBook/backend/node_modules/joi/lib/types/string.js:821:9)
    at internals.addressOptions (/Users/jihunkong/DigitalBook/backend/node_modules/joi/lib/types/string.js:813:15)
    at internals.Base.method [as email] (/Users/jihunkong/DigitalBook/backend/node_modules/joi/lib/types/string.js:296:43)
    at Joi (/Users/jihunkong/DigitalBook/backend/src/utils/validation/auth.schemas.ts:37:8)
    at Object.<anonymous> (/Users/jihunkong/DigitalBook/backend/src/utils/validation/auth.schemas.ts:261:1)
    at Module._compile (node:internal/modules/cjs/loader:1734:14)
    at Object.transformer (/Users/jihunkong/DigitalBook/backend/node_modules/tsx/dist/register-D46fvsV_.cjs:3:1104)
    at Module.load (node:internal/modules/cjs/loader:1469:32)

Node.js v23.11.0
오후 7:08:59 [tsx] change in ./src/routes/index.ts Rerunning...
c/Users/jihunkong/DigitalBook/backend/node_modules/@hapi/hoek/lib/error.js:23
            Error.captureStackTrace(this, exports.assert);
                  ^

Error: tlds.allow must contain valid top level domain names
    at new module.exports (/Users/jihunkong/DigitalBook/backend/node_modules/@hapi/hoek/lib/error.js:23:19)
    at module.exports (/Users/jihunkong/DigitalBook/backend/node_modules/@hapi/hoek/lib/assert.js:21:11)
    at internals.validateTlds (/Users/jihunkong/DigitalBook/backend/node_modules/joi/lib/types/string.js:821:9)
    at internals.addressOptions (/Users/jihunkong/DigitalBook/backend/node_modules/joi/lib/types/string.js:813:15)
    at internals.Base.method [as email] (/Users/jihunkong/DigitalBook/backend/node_modules/joi/lib/types/string.js:296:43)
    at Joi (/Users/jihunkong/DigitalBook/backend/src/utils/validation/auth.schemas.ts:37:8)
    at Object.<anonymous> (/Users/jihunkong/DigitalBook/backend/src/utils/validation/auth.schemas.ts:261:1)
    at Module._compile (node:internal/modules/cjs/loader:1734:14)
    at Object.transformer (/Users/jihunkong/DigitalBook/backend/node_modules/tsx/dist/register-D46fvsV_.cjs:3:1104)
    at Module.load (node:internal/modules/cjs/loader:1469:32)

Node.js v23.11.0
오후 7:09:04 [tsx] change in ./src/routes/index.ts Rerunning...
c/Users/jihunkong/DigitalBook/backend/node_modules/@hapi/hoek/lib/error.js:23
            Error.captureStackTrace(this, exports.assert);
                  ^

Error: tlds.allow must contain valid top level domain names
    at new module.exports (/Users/jihunkong/DigitalBook/backend/node_modules/@hapi/hoek/lib/error.js:23:19)
    at module.exports (/Users/jihunkong/DigitalBook/backend/node_modules/@hapi/hoek/lib/assert.js:21:11)
    at internals.validateTlds (/Users/jihunkong/DigitalBook/backend/node_modules/joi/lib/types/string.js:821:9)
    at internals.addressOptions (/Users/jihunkong/DigitalBook/backend/node_modules/joi/lib/types/string.js:813:15)
    at internals.Base.method [as email] (/Users/jihunkong/DigitalBook/backend/node_modules/joi/lib/types/string.js:296:43)
    at Joi (/Users/jihunkong/DigitalBook/backend/src/utils/validation/auth.schemas.ts:37:8)
    at Object.<anonymous> (/Users/jihunkong/DigitalBook/backend/src/utils/validation/auth.schemas.ts:261:1)
    at Module._compile (node:internal/modules/cjs/loader:1734:14)
    at Object.transformer (/Users/jihunkong/DigitalBook/backend/node_modules/tsx/dist/register-D46fvsV_.cjs:3:1104)
    at Module.load (node:internal/modules/cjs/loader:1469:32)

Node.js v23.11.0
오후 7:12:55 [tsx] change in ./src/routes/index.ts Rerunning...
c/Users/jihunkong/DigitalBook/backend/node_modules/@hapi/hoek/lib/error.js:23
            Error.captureStackTrace(this, exports.assert);
                  ^

Error: tlds.allow must contain valid top level domain names
    at new module.exports (/Users/jihunkong/DigitalBook/backend/node_modules/@hapi/hoek/lib/error.js:23:19)
    at module.exports (/Users/jihunkong/DigitalBook/backend/node_modules/@hapi/hoek/lib/assert.js:21:11)
    at internals.validateTlds (/Users/jihunkong/DigitalBook/backend/node_modules/joi/lib/types/string.js:821:9)
    at internals.addressOptions (/Users/jihunkong/DigitalBook/backend/node_modules/joi/lib/types/string.js:813:15)
    at internals.Base.method [as email] (/Users/jihunkong/DigitalBook/backend/node_modules/joi/lib/types/string.js:296:43)
    at Joi (/Users/jihunkong/DigitalBook/backend/src/utils/validation/auth.schemas.ts:37:8)
    at Object.<anonymous> (/Users/jihunkong/DigitalBook/backend/src/utils/validation/auth.schemas.ts:261:1)
    at Module._compile (node:internal/modules/cjs/loader:1734:14)
    at Object.transformer (/Users/jihunkong/DigitalBook/backend/node_modules/tsx/dist/register-D46fvsV_.cjs:3:1104)
    at Module.load (node:internal/modules/cjs/loader:1469:32)

Node.js v23.11.0
오후 7:13:09 [tsx] change in ./src/routes/index.ts Rerunning...
c/Users/jihunkong/DigitalBook/backend/node_modules/@hapi/hoek/lib/error.js:23
            Error.captureStackTrace(this, exports.assert);
                  ^

Error: tlds.allow must contain valid top level domain names
    at new module.exports (/Users/jihunkong/DigitalBook/backend/node_modules/@hapi/hoek/lib/error.js:23:19)
    at module.exports (/Users/jihunkong/DigitalBook/backend/node_modules/@hapi/hoek/lib/assert.js:21:11)
    at internals.validateTlds (/Users/jihunkong/DigitalBook/backend/node_modules/joi/lib/types/string.js:821:9)
    at internals.addressOptions (/Users/jihunkong/DigitalBook/backend/node_modules/joi/lib/types/string.js:813:15)
    at internals.Base.method [as email] (/Users/jihunkong/DigitalBook/backend/node_modules/joi/lib/types/string.js:296:43)
    at Joi (/Users/jihunkong/DigitalBook/backend/src/utils/validation/auth.schemas.ts:37:8)
    at Object.<anonymous> (/Users/jihunkong/DigitalBook/backend/src/utils/validation/auth.schemas.ts:261:1)
    at Module._compile (node:internal/modules/cjs/loader:1734:14)
    at Object.transformer (/Users/jihunkong/DigitalBook/backend/node_modules/tsx/dist/register-D46fvsV_.cjs:3:1104)
    at Module.load (node:internal/modules/cjs/loader:1469:32)

Node.js v23.11.0
오후 7:17:22 [tsx] change in ./src/utils/validation/auth.schemas.ts Rerunning...
c/Users/jihunkong/DigitalBook/backend/src/config/database.ts:26
    throw new Error('Database not initialized');
          ^


Error: Database not initialized
    at getDatabase (/Users/jihunkong/DigitalBook/backend/src/config/database.ts:26:11)
    at <anonymous> (/Users/jihunkong/DigitalBook/backend/src/controllers/assignment.controller.ts:6:16)
    at Object.<anonymous> (/Users/jihunkong/DigitalBook/backend/src/controllers/assignment.controller.ts:296:1)
    at Module._compile (node:internal/modules/cjs/loader:1734:14)
    at Object.transformer (/Users/jihunkong/DigitalBook/backend/node_modules/tsx/dist/register-D46fvsV_.cjs:3:1104)
    at Module.load (node:internal/modules/cjs/loader:1469:32)
    at Function._load (node:internal/modules/cjs/loader:1286:12)
    at TracingChannel.traceSync (node:diagnostics_channel:322:14)
    at wrapModuleLoad (node:internal/modules/cjs/loader:235:24)
    at Module.require (node:internal/modules/cjs/loader:1491:12)

Node.js v23.11.0
오후 7:20:13 [tsx] change in ./src/controllers/assignment.controller.ts Rerunning...
c/Users/jihunkong/DigitalBook/backend/src/config/database.ts:26
    throw new Error('Database not initialized');
          ^


Error: Database not initialized
    at getDatabase (/Users/jihunkong/DigitalBook/backend/src/config/database.ts:26:11)
    at new UserActivityService (/Users/jihunkong/DigitalBook/backend/src/services/user-activity.service.ts:43:19)
    at <anonymous> (/Users/jihunkong/DigitalBook/backend/src/services/user-activity.service.ts:605:36)
    at Object.<anonymous> (/Users/jihunkong/DigitalBook/backend/src/services/user-activity.service.ts:605:40)
    at Module._compile (node:internal/modules/cjs/loader:1734:14)
    at Object.transformer (/Users/jihunkong/DigitalBook/backend/node_modules/tsx/dist/register-D46fvsV_.cjs:3:1104)
    at Module.load (node:internal/modules/cjs/loader:1469:32)
    at Function._load (node:internal/modules/cjs/loader:1286:12)
    at TracingChannel.traceSync (node:diagnostics_channel:322:14)
    at wrapModuleLoad (node:internal/modules/cjs/loader:235:24)
    at Module.require (node:internal/modules/cjs/loader:1491:12)
    at require (node:internal/modules/helpers:135:16)
    at ExcelJS (/Users/jihunkong/DigitalBook/backend/src/controllers/analytics.controller.ts:8:37)
    at Object.<anonymous> (/Users/jihunkong/DigitalBook/backend/src/controllers/analytics.controller.ts:652:40)
    at Module._compile (node:internal/modules/cjs/loader:1734:14)
    at Object.transformer (/Users/jihunkong/DigitalBook/backend/node_modules/tsx/dist/register-D46fvsV_.cjs:3:1104)

Node.js v23.11.0
오후 7:21:08 [tsx] change in ./src/routes/index.ts Rerunning...
c/Users/jihunkong/DigitalBook/backend/node_modules/express/lib/router/route.js:216
        throw new Error(msg);
              ^

Error: Route.get() requires a callback function but got a [object Undefined]
    at Route.<computed> [as get] (/Users/jihunkong/DigitalBook/backend/node_modules/express/lib/router/route.js:216:15)
    at proto.<computed> [as get] (/Users/jihunkong/DigitalBook/backend/node_modules/express/lib/router/index.js:521:19)
    at <anonymous> (/Users/jihunkong/DigitalBook/backend/src/routes/monitoring.routes.ts:47:8)
    at Object.<anonymous> (/Users/jihunkong/DigitalBook/backend/src/routes/monitoring.routes.ts:151:16)
    at Module._compile (node:internal/modules/cjs/loader:1734:14)
    at Object.transformer (/Users/jihunkong/DigitalBook/backend/node_modules/tsx/dist/register-D46fvsV_.cjs:3:1104)
    at Module.load (node:internal/modules/cjs/loader:1469:32)
    at Function._load (node:internal/modules/cjs/loader:1286:12)
    at TracingChannel.traceSync (node:diagnostics_channel:322:14)
    at wrapModuleLoad (node:internal/modules/cjs/loader:235:24)

Node.js v23.11.0
오후 7:21:22 [tsx] change in ./src/middlewares/errorHandler.ts Rerunning...
c/Users/jihunkong/DigitalBook/backend/node_modules/express/lib/router/route.js:216
        throw new Error(msg);
              ^

Error: Route.get() requires a callback function but got a [object Undefined]
    at Route.<computed> [as get] (/Users/jihunkong/DigitalBook/backend/node_modules/express/lib/router/route.js:216:15)
    at proto.<computed> [as get] (/Users/jihunkong/DigitalBook/backend/node_modules/express/lib/router/index.js:521:19)
    at <anonymous> (/Users/jihunkong/DigitalBook/backend/src/routes/monitoring.routes.ts:47:8)
    at Object.<anonymous> (/Users/jihunkong/DigitalBook/backend/src/routes/monitoring.routes.ts:151:16)
    at Module._compile (node:internal/modules/cjs/loader:1734:14)
    at Object.transformer (/Users/jihunkong/DigitalBook/backend/node_modules/tsx/dist/register-D46fvsV_.cjs:3:1104)
    at Module.load (node:internal/modules/cjs/loader:1469:32)
    at Function._load (node:internal/modules/cjs/loader:1286:12)
    at TracingChannel.traceSync (node:diagnostics_channel:322:14)
    at wrapModuleLoad (node:internal/modules/cjs/loader:235:24)

Node.js v23.11.0
